kotlin version: 2.1.20
error message: Incremental compilation failed: Expected absolute path but found relative path: C:\Users\Zolu\Downloads\Genio Tecni\Tigo\Genio-Tigo\app\src\main\java\com\example\geniotecni\tigo\ui\adapters\ServiceAdapter.kt
java.lang.IllegalStateException: Expected absolute path but found relative path: C:\Users\Zolu\Downloads\Genio Tecni\Tigo\Genio-Tigo\app\src\main\java\com\example\geniotecni\tigo\ui\adapters\ServiceAdapter.kt
	at org.jetbrains.kotlin.incremental.storage.RelocatableFileToPathConverter.toPath(RelocatableFileToPathConverter.kt:20)
	at org.jetbrains.kotlin.incremental.storage.FileDescriptor.getHashCode(FileToPathConverter.kt:50)
	at org.jetbrains.kotlin.incremental.storage.FileDescriptor.getHashCode(FileToPathConverter.kt:30)
	at org.jetbrains.kotlin.com.intellij.util.containers.LinkedCustomHashMap.hashKey(LinkedCustomHashMap.java:109)
	at org.jetbrains.kotlin.com.intellij.util.containers.LinkedCustomHashMap.remove(LinkedCustomHashMap.java:153)
	at org.jetbrains.kotlin.com.intellij.util.containers.SLRUMap.remove(SLRUMap.java:89)
	at org.jetbrains.kotlin.com.intellij.util.io.PersistentMapImpl.flushAppendCache(PersistentMapImpl.java:999)
	at org.jetbrains.kotlin.com.intellij.util.io.PersistentMapImpl.doGet(PersistentMapImpl.java:640)
	at org.jetbrains.kotlin.com.intellij.util.io.PersistentMapImpl.get(PersistentMapImpl.java:613)
	at org.jetbrains.kotlin.com.intellij.util.io.PersistentHashMap.get(PersistentHashMap.java:196)
	at org.jetbrains.kotlin.incremental.storage.LazyStorage.get(LazyStorage.kt:76)
	at org.jetbrains.kotlin.incremental.storage.InMemoryStorage.get(InMemoryStorage.kt:68)
	at org.jetbrains.kotlin.incremental.storage.AppendableInMemoryStorage.get(InMemoryStorage.kt:155)
	at org.jetbrains.kotlin.incremental.storage.AppendableInMemoryStorage.get(InMemoryStorage.kt:147)
	at org.jetbrains.kotlin.incremental.storage.AppendableSetBasicMap.get(BasicMap.kt:137)
	at org.jetbrains.kotlin.incremental.storage.AbstractSourceToOutputMap.getFqNames(SourceToOutputMaps.kt:50)
	at org.jetbrains.kotlin.incremental.AbstractIncrementalCache.classesFqNamesBySources(AbstractIncrementalCache.kt:95)
	at org.jetbrains.kotlin.incremental.IncrementalCompilerRunner.getRemovedClassesChanges(IncrementalCompilerRunner.kt:637)
	at org.jetbrains.kotlin.incremental.IncrementalJvmCompilerRunner.calculateSourcesToCompileImpl(IncrementalJvmCompilerRunner.kt:276)
	at org.jetbrains.kotlin.incremental.IncrementalJvmCompilerRunner.calculateSourcesToCompile(IncrementalJvmCompilerRunner.kt:145)
	at org.jetbrains.kotlin.incremental.IncrementalJvmCompilerRunner.calculateSourcesToCompile(IncrementalJvmCompilerRunner.kt:75)
	at org.jetbrains.kotlin.incremental.IncrementalCompilerRunner.tryCompileIncrementally$lambda$10$compile(IncrementalCompilerRunner.kt:234)
	at org.jetbrains.kotlin.incremental.IncrementalCompilerRunner.tryCompileIncrementally(IncrementalCompilerRunner.kt:276)
	at org.jetbrains.kotlin.incremental.IncrementalCompilerRunner.compile(IncrementalCompilerRunner.kt:128)
	at org.jetbrains.kotlin.daemon.CompileServiceImplBase.execIncrementalCompiler(CompileServiceImpl.kt:678)
	at org.jetbrains.kotlin.daemon.CompileServiceImplBase.access$execIncrementalCompiler(CompileServiceImpl.kt:92)
	at org.jetbrains.kotlin.daemon.CompileServiceImpl.compile(CompileServiceImpl.kt:1805)
	at java.base/jdk.internal.reflect.NativeMethodAccessorImpl.invoke0(Native Method)
	at java.base/jdk.internal.reflect.NativeMethodAccessorImpl.invoke(NativeMethodAccessorImpl.java:77)
	at java.base/jdk.internal.reflect.DelegatingMethodAccessorImpl.invoke(DelegatingMethodAccessorImpl.java:43)
	at java.base/java.lang.reflect.Method.invoke(Method.java:569)
	at java.rmi/sun.rmi.server.UnicastServerRef.dispatch(UnicastServerRef.java:360)
	at java.rmi/sun.rmi.transport.Transport$1.run(Transport.java:200)
	at java.rmi/sun.rmi.transport.Transport$1.run(Transport.java:197)
	at java.base/java.security.AccessController.doPrivileged(AccessController.java:712)
	at java.rmi/sun.rmi.transport.Transport.serviceCall(Transport.java:196)
	at java.rmi/sun.rmi.transport.tcp.TCPTransport.handleMessages(TCPTransport.java:587)
	at java.rmi/sun.rmi.transport.tcp.TCPTransport$ConnectionHandler.run0(TCPTransport.java:828)
	at java.rmi/sun.rmi.transport.tcp.TCPTransport$ConnectionHandler.lambda$run$0(TCPTransport.java:705)
	at java.base/java.security.AccessController.doPrivileged(AccessController.java:399)
	at java.rmi/sun.rmi.transport.tcp.TCPTransport$ConnectionHandler.run(TCPTransport.java:704)
	at java.base/java.util.concurrent.ThreadPoolExecutor.runWorker(ThreadPoolExecutor.java:1136)
	at java.base/java.util.concurrent.ThreadPoolExecutor$Worker.run(ThreadPoolExecutor.java:635)
	at java.base/java.lang.Thread.run(Thread.java:840)


